Determining if the pthread_create exist failed with the following output:
Change Dir: /home/vistar/Desktop/PCLLearning/formatConvert/pcd2txt/CMakeFiles/CMakeTmp

Run Build Command:"/usr/bin/make" "cmTC_3782d/fast"
/usr/bin/make -f CMakeFiles/cmTC_3782d.dir/build.make CMakeFiles/cmTC_3782d.dir/build
make[1]: Entering directory '/home/vistar/Desktop/PCLLearning/formatConvert/pcd2txt/CMakeFiles/CMakeTmp'
Building C object CMakeFiles/cmTC_3782d.dir/CheckSymbolExists.c.o
/usr/bin/cc    -o CMakeFiles/cmTC_3782d.dir/CheckSymbolExists.c.o   -c /home/vistar/Desktop/PCLLearning/formatConvert/pcd2txt/CMakeFiles/CMakeTmp/CheckSymbolExists.c
Linking C executable cmTC_3782d
/usr/bin/cmake -E cmake_link_script CMakeFiles/cmTC_3782d.dir/link.txt --verbose=1
/usr/bin/cc      -rdynamic CMakeFiles/cmTC_3782d.dir/CheckSymbolExists.c.o  -o cmTC_3782d 
CMakeFiles/cmTC_3782d.dir/CheckSymbolExists.c.o: In function `main':
CheckSymbolExists.c:(.text+0x1b): undefined reference to `pthread_create'
collect2: error: ld returned 1 exit status
CMakeFiles/cmTC_3782d.dir/build.make:97: recipe for target 'cmTC_3782d' failed
make[1]: *** [cmTC_3782d] Error 1
make[1]: Leaving directory '/home/vistar/Desktop/PCLLearning/formatConvert/pcd2txt/CMakeFiles/CMakeTmp'
Makefile:126: recipe for target 'cmTC_3782d/fast' failed
make: *** [cmTC_3782d/fast] Error 2

File /home/vistar/Desktop/PCLLearning/formatConvert/pcd2txt/CMakeFiles/CMakeTmp/CheckSymbolExists.c:
/* */
#include <pthread.h>

int main(int argc, char** argv)
{
  (void)argv;
#ifndef pthread_create
  return ((int*)(&pthread_create))[argc];
#else
  (void)argc;
  return 0;
#endif
}

Determining if the function pthread_create exists in the pthreads failed with the following output:
Change Dir: /home/vistar/Desktop/PCLLearning/formatConvert/pcd2txt/CMakeFiles/CMakeTmp

Run Build Command:"/usr/bin/make" "cmTC_99bfa/fast"
/usr/bin/make -f CMakeFiles/cmTC_99bfa.dir/build.make CMakeFiles/cmTC_99bfa.dir/build
make[1]: Entering directory '/home/vistar/Desktop/PCLLearning/formatConvert/pcd2txt/CMakeFiles/CMakeTmp'
Building C object CMakeFiles/cmTC_99bfa.dir/CheckFunctionExists.c.o
/usr/bin/cc   -DCHECK_FUNCTION_EXISTS=pthread_create   -o CMakeFiles/cmTC_99bfa.dir/CheckFunctionExists.c.o   -c /usr/share/cmake-3.10/Modules/CheckFunctionExists.c
Linking C executable cmTC_99bfa
/usr/bin/cmake -E cmake_link_script CMakeFiles/cmTC_99bfa.dir/link.txt --verbose=1
/usr/bin/cc  -DCHECK_FUNCTION_EXISTS=pthread_create    -rdynamic CMakeFiles/cmTC_99bfa.dir/CheckFunctionExists.c.o  -o cmTC_99bfa -lpthreads 
/usr/bin/ld: cannot find -lpthreads
collect2: error: ld returned 1 exit status
CMakeFiles/cmTC_99bfa.dir/build.make:97: recipe for target 'cmTC_99bfa' failed
make[1]: *** [cmTC_99bfa] Error 1
make[1]: Leaving directory '/home/vistar/Desktop/PCLLearning/formatConvert/pcd2txt/CMakeFiles/CMakeTmp'
Makefile:126: recipe for target 'cmTC_99bfa/fast' failed
make: *** [cmTC_99bfa/fast] Error 2


