Determining if the pthread_create exist failed with the following output:
Change Dir: /home/vistar/Desktop/PCLLearning/formatConvert/ply2pcd/CMakeFiles/CMakeTmp

Run Build Command:"/usr/bin/make" "cmTC_cd51c/fast"
/usr/bin/make -f CMakeFiles/cmTC_cd51c.dir/build.make CMakeFiles/cmTC_cd51c.dir/build
make[1]: Entering directory '/home/vistar/Desktop/PCLLearning/formatConvert/ply2pcd/CMakeFiles/CMakeTmp'
Building C object CMakeFiles/cmTC_cd51c.dir/CheckSymbolExists.c.o
/usr/bin/cc    -o CMakeFiles/cmTC_cd51c.dir/CheckSymbolExists.c.o   -c /home/vistar/Desktop/PCLLearning/formatConvert/ply2pcd/CMakeFiles/CMakeTmp/CheckSymbolExists.c
Linking C executable cmTC_cd51c
/usr/bin/cmake -E cmake_link_script CMakeFiles/cmTC_cd51c.dir/link.txt --verbose=1
/usr/bin/cc      -rdynamic CMakeFiles/cmTC_cd51c.dir/CheckSymbolExists.c.o  -o cmTC_cd51c 
CMakeFiles/cmTC_cd51c.dir/CheckSymbolExists.c.o: In function `main':
CheckSymbolExists.c:(.text+0x1b): undefined reference to `pthread_create'
collect2: error: ld returned 1 exit status
CMakeFiles/cmTC_cd51c.dir/build.make:97: recipe for target 'cmTC_cd51c' failed
make[1]: *** [cmTC_cd51c] Error 1
make[1]: Leaving directory '/home/vistar/Desktop/PCLLearning/formatConvert/ply2pcd/CMakeFiles/CMakeTmp'
Makefile:126: recipe for target 'cmTC_cd51c/fast' failed
make: *** [cmTC_cd51c/fast] Error 2

File /home/vistar/Desktop/PCLLearning/formatConvert/ply2pcd/CMakeFiles/CMakeTmp/CheckSymbolExists.c:
/* */
#include <pthread.h>

int main(int argc, char** argv)
{
  (void)argv;
#ifndef pthread_create
  return ((int*)(&pthread_create))[argc];
#else
  (void)argc;
  return 0;
#endif
}

Determining if the function pthread_create exists in the pthreads failed with the following output:
Change Dir: /home/vistar/Desktop/PCLLearning/formatConvert/ply2pcd/CMakeFiles/CMakeTmp

Run Build Command:"/usr/bin/make" "cmTC_7355a/fast"
/usr/bin/make -f CMakeFiles/cmTC_7355a.dir/build.make CMakeFiles/cmTC_7355a.dir/build
make[1]: Entering directory '/home/vistar/Desktop/PCLLearning/formatConvert/ply2pcd/CMakeFiles/CMakeTmp'
Building C object CMakeFiles/cmTC_7355a.dir/CheckFunctionExists.c.o
/usr/bin/cc   -DCHECK_FUNCTION_EXISTS=pthread_create   -o CMakeFiles/cmTC_7355a.dir/CheckFunctionExists.c.o   -c /usr/share/cmake-3.10/Modules/CheckFunctionExists.c
Linking C executable cmTC_7355a
/usr/bin/cmake -E cmake_link_script CMakeFiles/cmTC_7355a.dir/link.txt --verbose=1
/usr/bin/cc  -DCHECK_FUNCTION_EXISTS=pthread_create    -rdynamic CMakeFiles/cmTC_7355a.dir/CheckFunctionExists.c.o  -o cmTC_7355a -lpthreads 
/usr/bin/ld: cannot find -lpthreads
collect2: error: ld returned 1 exit status
CMakeFiles/cmTC_7355a.dir/build.make:97: recipe for target 'cmTC_7355a' failed
make[1]: *** [cmTC_7355a] Error 1
make[1]: Leaving directory '/home/vistar/Desktop/PCLLearning/formatConvert/ply2pcd/CMakeFiles/CMakeTmp'
Makefile:126: recipe for target 'cmTC_7355a/fast' failed
make: *** [cmTC_7355a/fast] Error 2


